Arguments: 
  C:\Program Files\nodejs\node.exe C:\Program Files (x86)\Yarn\bin\yarn.js install --timeout 1000000

PATH: 
  E:\Softwarez\DEV\cmder\bin;E:\Softwarez\DEV\cmder\vendor\bin;E:\Softwarez\DEV\cmder\vendor\conemu-maximus5\ConEmu\Scripts;E:\Softwarez\DEV\cmder\vendor\conemu-maximus5;E:\Softwarez\DEV\cmder\vendor\conemu-maximus5\ConEmu;C:\WINDOWS\system32;C:\WINDOWS;C:\WINDOWS\System32\Wbem;C:\WINDOWS\System32\WindowsPowerShell\v1.0\;C:\WINDOWS\System32\OpenSSH\;C:\Program Files\Git\cmd;C:\Python27;C:\Program Files (x86)\Common Files\lenovo\easyplussdk\bin;C:\ProgramData\chocolatey\bin;C:\Program Files\dotnet\;C:\Program Files\Geth;C:\Program Files\nodejs\;C:\Users\Francis - Developer\AppData\Roaming\pypoetry\venv\Scripts;C:\Users\Francis - Developer\AppData\Local\Android\Sdk\platform-tools;C:\Program Files (x86)\Yarn\bin\;C:\Users\Francis - Developer\AppData\Local\pnpm;:Path;C:\Users\Francis - Developer\AppData\Local\Programs\Microsoft VS Code\bin;C:\Users\Francis - Developer\AppData\Local\Yarn\bin;C:\Program Files\watchman-v2022.10.24.00-windows\bin;C:\Users\Francis - Developer\AppData\Local\Microsoft\WindowsApps;C:\Program Files\Git\cmd;C:\Program Files\Git\mingw64\bin;C:\Program Files\Git\usr\bin;E:\Softwarez\DEV\cmder

Yarn version: 
  1.22.19

Node version: 
  16.15.0

Platform: 
  win32 x64

Trace: 
  Error: connect ETIMEDOUT 104.16.27.35:443
      at TCPConnectWrap.afterConnect [as oncomplete] (node:net:1187:16)

npm manifest: 
  {
  	"name": "nftminter",
  	"description": "NFTMinter - Mint your own NFTs fast!",
  	"main": ".next/server/pages/_app.js",
  	"author": "Francis Amidu",
  	"license": "MIT",
  	"dependencies": {
  		"@openzeppelin/contracts": "^4.5.0",
  		"@types/node": "*",
  		"@types/react": "*",
  		"@web3-onboard/core": "^2.0.11",
  		"@web3-onboard/injected-wallets": "^2.0.2",
  		"@web3-react/core": "^6.1.9",
  		"@web3-react/injected-connector": "^6.0.7",
  		"@web3-react/walletconnect-connector": "^6.2.13",
  		"@web3-react/walletlink-connector": "^6.2.13",
  		"apexcharts": "^3.35.0",
  		"date-fns": "^2.28.0",
  		"dotenv": "^16.0.0",
  		"ipfs-http-client": "^56.0.1",
  		"millify": "^4.0.0",
  		"moralis": "^1.5.9",
  		"next": "*",
  		"next-themes": "^0.1.1",
  		"react": "*",
  		"react-apexcharts": "^1.4.0",
  		"react-beautiful-dnd": "^13.1.0",
  		"react-copy-to-clipboard": "^5.1.0",
  		"react-crypto-icons": "^1.0.5",
  		"react-dom": "^*",
  		"react-icons": "*",
  		"react-moralis": "^1.3.5",
  		"react-toastify": "^8.2.0",
  		"sass": "^1.45.1",
  		"tailwindcss": "*",
  		"tsconfig-paths-webpack-plugin": "*",
  		"typescript": "*",
  		"use-onboard": "^0.2.8",
  		"web3modal": "^1.9.5"
  	},
  	"devDependencies": {
  		"@types/react-dom": "^17.0.11",
  		"autoprefixer": "*",
  		"postcss": "*"
  	},
  	"scripts": {
  		"serve": "next",
  		"build": "next build",
  		"start": "next start"
  	}
  }

yarn manifest: 
  No manifest

Lockfile: 
  No lockfile
